\BOOKMARK [1][-]{section.1}{\376\377\133\236\232\214\166\356\166\204}{}% 1
\BOOKMARK [1][-]{section.2}{\376\377\123\237\164\006\122\006\147\220}{}% 2
\BOOKMARK [2][-]{subsection.2.1}{\376\377\155\101\154\064\176\277\377\010\000P\000i\000p\000e\000l\000i\000n\000e\377\011\166\204\123\237\164\006}{section.2}% 3
\BOOKMARK [3][-]{subsubsection.2.1.1}{\376\377\123\326\143\007\116\344\226\066\153\265\377\010\000I\000F\377\011}{subsection.2.1}% 4
\BOOKMARK [3][-]{subsubsection.2.1.2}{\376\377\213\321\170\001\226\066\153\265\377\010\000I\000D\377\011}{subsection.2.1}% 5
\BOOKMARK [3][-]{subsubsection.2.1.3}{\376\377\142\147\210\114\226\066\153\265\377\010\000E\000X\377\011}{subsection.2.1}% 6
\BOOKMARK [3][-]{subsubsection.2.1.4}{\376\377\213\277\133\130\226\066\153\265\377\010\000M\000A\377\011}{subsection.2.1}% 7
\BOOKMARK [3][-]{subsubsection.2.1.5}{\376\377\121\231\126\336\226\066\153\265\377\010\000W\000B\377\011}{subsection.2.1}% 8
\BOOKMARK [2][-]{subsection.2.2}{\376\377\116\073\143\247\122\066\126\150\377\010\000C\000t\000r\377\011\166\204\123\237\164\006}{section.2}% 9
\BOOKMARK [2][-]{subsection.2.3}{\376\377\217\320\173\227\123\125\121\103\143\247\122\066\126\150\377\010\000A\000L\000U\000C\000t\000r\377\011\166\204\123\237\164\006}{section.2}% 10
\BOOKMARK [2][-]{subsection.2.4}{\376\377\173\227\147\057\220\073\217\221\217\320\173\227\123\125\121\103\377\010\000A\000L\000U\377\011\166\204\123\237\164\006}{section.2}% 11
\BOOKMARK [2][-]{subsection.2.5}{\376\377\133\304\133\130\126\150\377\010\000R\000e\000g\000i\000s\000t\000e\000r\377\011\166\204\123\237\164\006}{section.2}% 12
\BOOKMARK [2][-]{subsection.2.6}{\376\377\145\160\143\156\133\130\120\250\126\150\377\010\000D\000a\000t\000a\000\040\000M\000e\000m\000o\000r\000y\377\011\166\204\123\237\164\006}{section.2}% 13
\BOOKMARK [2][-]{subsection.2.7}{\376\377\147\011\173\046\123\367\142\151\134\125\123\125\121\103\377\010\000S\000i\000g\000n\000\040\000E\000x\000t\000e\000n\000s\000i\000o\000n\377\011\166\204\123\237\164\006}{section.2}% 14
\BOOKMARK [2][-]{subsection.2.8}{\376\377\143\007\116\344\133\130\120\250\126\150\377\010\000I\000n\000s\000t\000r\000u\000c\000t\000i\000o\000n\000\040\000M\000e\000m\000o\000r\000y\377\011\166\204\123\237\164\006}{section.2}% 15
\BOOKMARK [2][-]{subsection.2.9}{\376\377\131\032\215\357\220\011\142\351\126\150\377\010\000M\000u\000x\377\011\166\204\123\237\164\006}{section.2}% 16
\BOOKMARK [2][-]{subsection.2.10}{\376\377\172\013\136\217\213\241\145\160\133\304\133\130\126\150\377\010\000P\000C\377\011\166\204\123\237\164\006}{section.2}% 17
\BOOKMARK [2][-]{subsection.2.11}{\376\377\230\166\134\102\152\041\127\127\377\010\000T\000o\000p\377\011\166\204\123\237\164\006}{section.2}% 18
\BOOKMARK [3][-]{subsubsection.2.11.1}{\376\377\127\372\147\054\220\032\215\357}{subsection.2.11}% 19
\BOOKMARK [3][-]{subsubsection.2.11.2}{\376\377\153\265\133\304\133\130\126\150}{subsection.2.11}% 20
\BOOKMARK [3][-]{subsubsection.2.11.3}{\376\377\122\115\124\021\117\040\220\022\377\010\000F\000o\000r\000w\000a\000r\000d\000i\000n\000g\377\011\166\204\123\237\164\006}{subsection.2.11}% 21
\BOOKMARK [3][-]{subsubsection.2.11.4}{\376\377\120\134\230\177\377\010\000S\000t\000a\000l\000l\377\011\166\204\123\237\164\006}{subsection.2.11}% 22
\BOOKMARK [3][-]{subsubsection.2.11.5}{\376\377\217\154\171\373\230\204\155\113\377\010\000p\000r\000e\000d\000i\000c\000t\000-\000n\000o\000t\000-\000t\000a\000k\000e\000n\377\011\166\204\123\237\164\006}{subsection.2.11}% 23
\BOOKMARK [1][-]{section.3}{\376\377\122\237\200\375\133\236\163\260}{}% 24
\BOOKMARK [2][-]{subsection.3.1}{\376\377\116\073\143\247\122\066\126\150\377\010\000C\000t\000r\377\011\166\204\122\237\200\375\133\236\163\260}{section.3}% 25
\BOOKMARK [2][-]{subsection.3.2}{\376\377\217\320\173\227\123\125\121\103\143\247\122\066\126\150\377\010\000A\000L\000U\000C\000t\000r\377\011\166\204\122\237\200\375\133\236\163\260}{section.3}% 26
\BOOKMARK [2][-]{subsection.3.3}{\376\377\173\227\147\057\220\073\217\221\217\320\173\227\123\125\121\103\377\010\000A\000L\000U\377\011\166\204\122\237\200\375\133\236\163\260}{section.3}% 27
\BOOKMARK [2][-]{subsection.3.4}{\376\377\133\304\133\130\126\150\377\010\000R\000e\000g\000i\000s\000t\000e\000r\377\011\166\204\122\237\200\375\133\236\163\260}{section.3}% 28
\BOOKMARK [2][-]{subsection.3.5}{\376\377\145\160\143\156\133\130\120\250\126\150\377\010\000D\000a\000t\000a\000\040\000M\000e\000m\000o\000r\000y\377\011\166\204\122\237\200\375\133\236\163\260}{section.3}% 29
\BOOKMARK [2][-]{subsection.3.6}{\376\377\147\011\173\046\123\367\142\151\134\125\123\125\121\103\377\010\000S\000i\000g\000n\000\040\000E\000x\000t\000e\000n\000s\000i\000o\000n\377\011\166\204\122\237\200\375\133\236\163\260}{section.3}% 30
\BOOKMARK [2][-]{subsection.3.7}{\376\377\143\007\116\344\133\130\120\250\126\150\377\010\000I\000n\000s\000t\000r\000u\000c\000t\000i\000o\000n\000\040\000M\000e\000m\000o\000r\000y\377\011\166\204\122\237\200\375\133\236\163\260}{section.3}% 31
\BOOKMARK [2][-]{subsection.3.8}{\376\377\131\032\215\357\220\011\142\351\126\150\377\010\000M\000u\000x\377\011\166\204\122\237\200\375\133\236\163\260}{section.3}% 32
\BOOKMARK [2][-]{subsection.3.9}{\376\377\172\013\136\217\213\241\145\160\152\041\127\127\377\010\000P\000C\377\011\166\204\122\237\200\375\133\236\163\260}{section.3}% 33
\BOOKMARK [2][-]{subsection.3.10}{\376\377\230\166\134\102\152\041\127\127\377\010\000T\000o\000p\377\011\166\204\122\237\200\375\133\236\163\260}{section.3}% 34
\BOOKMARK [3][-]{subsubsection.3.10.1}{\376\377\153\265\133\304\133\130\126\150}{subsection.3.10}% 35
\BOOKMARK [3][-]{subsubsection.3.10.2}{\376\377\133\120\152\041\127\127\122\035\131\313\123\026}{subsection.3.10}% 36
\BOOKMARK [3][-]{subsubsection.3.10.3}{\376\377\122\115\124\021\117\040\220\022\166\204\133\236\163\260}{subsection.3.10}% 37
\BOOKMARK [3][-]{subsubsection.3.10.4}{\376\377\155\101\154\064\176\277\166\204\133\236\163\260}{subsection.3.10}% 38
\BOOKMARK [1][-]{section.4}{\376\377\176\323\147\234\232\214\213\301}{}% 39
\BOOKMARK [1][-]{section.5}{\376\377\140\073\176\323\116\016\123\315\140\035}{}% 40
\BOOKMARK [1][-]{section.6}{\376\377\201\364\214\042}{}% 41
